Frequency: 1200 MHz
-------------------------
CPU   Time (ms)
0     6.014
1     6.035
2     5.815
3     5.784
4     5.312
5     5.695
6     5.767
7     5.565
8     5.824
9     5.529
10    5.934
11    5.707
12    6.020
13    5.653
14    5.800
15    5.674
-------------------------
Mean: 5.758 ms
##########################

Frequency: 1300 MHz
-------------------------
CPU   Time (ms)
0     5.606
1     5.330
2     5.547
3     5.487
4     5.375
5     5.142
6     5.093
7     5.498
8     5.478
9     5.617
10    5.302
11    5.242
12    4.985
13    5.261
14    5.243
15    5.410
-------------------------
Mean: 5.351 ms
##########################

Frequency: 1400 MHz
-------------------------
CPU   Time (ms)
0     5.394
1     5.286
2     5.254
3     4.839
4     4.838
5     4.731
6     4.842
7     4.823
8     5.150
9     5.130
10    4.786
11    4.962
12    5.114
13    4.772
14    4.901
15    5.098
-------------------------
Mean: 4.995 ms
##########################

Frequency: 1500 MHz
-------------------------
CPU   Time (ms)
0     4.973
1     4.784
2     4.918
3     4.864
4     4.723
5     4.820
6     4.572
7     4.414
8     4.845
9     4.874
10    4.835
11    4.863
12    4.744
13    4.605
14    4.742
15    4.539
-------------------------
Mean: 4.757 ms
##########################

Frequency: 1600 MHz
-------------------------
CPU   Time (ms)
0     4.622
1     4.558
2     4.604
3     4.690
4     4.553
5     4.262
6     4.597
7     4.620
8     4.575
9     4.478
10    4.502
11    4.695
12    4.614
13    4.526
14    4.429
15    4.574
-------------------------
Mean: 4.556 ms
##########################

Frequency: 1700 MHz
-------------------------
CPU   Time (ms)
0     4.457
1     4.375
2     4.264
3     4.423
4     4.366
5     4.327
6     4.209
7     4.006
8     4.421
9     4.378
10    4.176
11    4.423
12    4.178
13    4.233
14    4.289
15    4.194
-------------------------
Mean: 4.295 ms
##########################

Frequency: 1800 MHz
-------------------------
CPU   Time (ms)
0     4.251
1     4.127
2     4.105
3     4.126
4     3.899
5     4.053
6     3.923
7     4.067
8     4.267
9     4.234
10    4.300
11    4.001
12    4.211
13    3.844
14    3.973
15    4.050
-------------------------
Mean: 4.090 ms
##########################

Frequency: 1900 MHz
-------------------------
CPU   Time (ms)
0     4.101
1     3.967
2     3.972
3     4.138
4     3.867
5     3.709
6     3.933
7     3.644
8     4.020
9     4.008
10    3.947
11    4.116
12    4.165
13    4.053
14    3.765
15    3.839
-------------------------
Mean: 3.953 ms
##########################

Frequency: 2000 MHz
-------------------------
CPU   Time (ms)
0     3.969
1     4.108
2     4.172
3     4.053
4     3.799
5     3.405
6     3.693
7     3.858
8     3.849
9     3.789
10    3.880
11    3.931
12    3.900
13    3.833
14    3.533
15    3.548
-------------------------
Mean: 3.832 ms
##########################

Frequency: 2100 MHz
-------------------------
CPU   Time (ms)
0     3.821
1     3.701
2     3.768
3     3.516
4     3.645
5     3.435
6     3.642
7     3.690
8     3.710
9     3.587
10    3.802
11    3.873
12    3.762
13    3.639
14    3.420
15    3.336
-------------------------
Mean: 3.647 ms
##########################

Frequency: 2200 MHz
-------------------------
CPU   Time (ms)
0     3.642
1     3.662
2     3.593
3     3.638
4     3.555
5     3.631
6     3.514
7     3.586
8     3.638
9     3.536
10    3.370
11    3.491
12    3.583
13    3.640
14    3.476
15    3.594
-------------------------
Mean: 3.572 ms
##########################

Frequency: 2300 MHz
-------------------------
CPU   Time (ms)
0     3.688
1     3.639
2     3.605
3     3.401
4     3.489
5     3.618
6     3.461
7     3.458
8     3.489
9     3.633
10    3.607
11    3.493
12    3.407
13    2.955
14    3.450
15    3.226
-------------------------
Mean: 3.476 ms
##########################

Frequency: 2400 MHz
-------------------------
CPU   Time (ms)
0     3.484
1     3.465
2     3.436
3     3.511
4     3.333
5     3.584
6     3.326
7     3.561
8     3.552
9     3.699
10    3.680
11    3.596
12    3.441
13    3.579
14    3.325
15    3.216
-------------------------
Mean: 3.487 ms
##########################

Frequency: 2500 MHz
-------------------------
CPU   Time (ms)
0     3.351
1     3.396
2     3.422
3     3.518
4     3.329
5     3.371
6     3.138
7     3.225
8     3.433
9     3.449
10    3.323
11    3.124
12    3.441
13    3.406
14    3.405
15    3.128
-------------------------
Mean: 3.341 ms
##########################

Frequency: 2600 MHz
-------------------------
CPU   Time (ms)
0     3.332
1     3.042
2     3.580
3     3.525
4     3.397
5     3.464
6     3.201
7     3.141
8     3.205
9     3.346
10    3.313
11    3.163
12    3.039
13    2.884
14    3.092
15    2.799
-------------------------
Mean: 3.220 ms
##########################

Frequency: 3000 MHz
-------------------------
CPU   Time (ms)
0     3.365
1     3.310
2     3.340
3     3.065
4     3.319
5     3.288
6     2.833
7     2.903
8     3.301
9     3.344
10    3.198
11    3.199
12    3.196
13    2.821
14    2.627
15    2.814
-------------------------
Mean: 3.120 ms
##########################

