Frequency: 1200 MHz
-------------------------
CPU   Time (ms)
0     370.837
1     363.113
2     369.719
3     363.215
4     370.574
5     365.146
6     371.533
7     378.781
8     364.778
9     364.731
10    363.409
11    374.112
12    366.769
13    369.935
14    376.365
15    366.058
-------------------------
Mean: 368.692 ms
##########################

Frequency: 1300 MHz
-------------------------
CPU   Time (ms)
0     354.656
1     345.427
2     355.518
3     354.947
4     355.270
5     356.280
6     352.360
7     358.118
8     351.128
9     344.623
10    355.227
11    356.553
12    347.383
13    357.910
14    345.608
15    357.961
-------------------------
Mean: 353.060 ms
##########################

Frequency: 1400 MHz
-------------------------
CPU   Time (ms)
0     335.288
1     336.806
2     339.109
3     340.197
4     333.648
5     339.088
6     342.245
7     342.047
8     337.580
9     339.724
10    329.790
11    339.698
12    340.164
13    343.218
14    342.383
15    340.220
-------------------------
Mean: 338.825 ms
##########################

Frequency: 1500 MHz
-------------------------
CPU   Time (ms)
0     325.533
1     321.893
2     316.627
3     325.389
4     326.078
5     326.343
6     328.664
7     327.980
8     325.333
9     325.150
10    326.027
11    320.565
12    326.081
13    327.893
14    327.517
15    326.830
-------------------------
Mean: 325.244 ms
##########################

Frequency: 1600 MHz
-------------------------
CPU   Time (ms)
0     313.260
1     313.400
2     313.649
3     313.975
4     314.734
5     314.861
6     316.926
7     318.157
8     313.220
9     314.784
10    313.649
11    313.613
12    314.735
13    315.799
14    314.776
15    315.939
-------------------------
Mean: 314.717 ms
##########################

Frequency: 1700 MHz
-------------------------
CPU   Time (ms)
0     302.459
1     302.888
2     303.241
3     302.986
4     303.289
5     305.055
6     304.796
7     306.111
8     302.330
9     302.957
10    302.562
11    303.415
12    304.021
13    304.018
14    304.957
15    304.829
-------------------------
Mean: 303.745 ms
##########################

Frequency: 1800 MHz
-------------------------
CPU   Time (ms)
0     290.535
1     293.737
2     293.421
3     293.258
4     294.231
5     294.936
6     295.546
7     296.036
8     293.392
9     293.111
10    293.723
11    293.775
12    294.339
13    296.798
14    296.105
15    295.706
-------------------------
Mean: 294.291 ms
##########################

Frequency: 1900 MHz
-------------------------
CPU   Time (ms)
0     285.207
1     284.965
2     285.743
3     284.767
4     286.518
5     286.333
6     287.115
7     287.731
8     285.312
9     282.164
10    285.030
11    285.014
12    286.011
13    286.563
14    287.251
15    287.428
-------------------------
Mean: 285.822 ms
##########################

Frequency: 2000 MHz
-------------------------
CPU   Time (ms)
0     271.535
1     278.243
2     277.664
3     274.349
4     278.084
5     279.223
6     279.045
7     279.812
8     277.632
9     277.650
10    277.597
11    278.883
12    278.594
13    278.746
14    280.648
15    279.943
-------------------------
Mean: 277.978 ms
##########################

Frequency: 2100 MHz
-------------------------
CPU   Time (ms)
0     270.149
1     272.264
2     270.419
3     270.754
4     270.866
5     272.138
6     272.570
7     273.780
8     270.626
9     271.040
10    270.980
11    271.612
12    271.259
13    272.774
14    272.291
15    272.856
-------------------------
Mean: 271.649 ms
##########################

Frequency: 2200 MHz
-------------------------
CPU   Time (ms)
0     264.840
1     265.491
2     265.507
3     264.916
4     265.819
5     267.338
6     266.171
7     266.317
8     264.935
9     264.676
10    265.223
11    261.852
12    265.355
13    266.826
14    266.972
15    266.704
-------------------------
Mean: 265.559 ms
##########################

Frequency: 2300 MHz
-------------------------
CPU   Time (ms)
0     252.792
1     259.029
2     259.425
3     256.628
4     259.950
5     260.153
6     261.207
7     261.914
8     259.012
9     258.805
10    259.459
11    259.221
12    259.469
13    261.174
14    260.787
15    261.424
-------------------------
Mean: 259.403 ms
##########################

Frequency: 2400 MHz
-------------------------
CPU   Time (ms)
0     254.280
1     253.961
2     254.199
3     254.222
4     255.062
5     255.210
6     256.480
7     257.475
8     253.716
9     253.960
10    254.956
11    255.541
12    255.042
13    256.112
14    255.898
15    256.044
-------------------------
Mean: 255.135 ms
##########################

Frequency: 2500 MHz
-------------------------
CPU   Time (ms)
0     248.645
1     249.104
2     249.599
3     249.831
4     250.146
5     250.578
6     251.504
7     252.217
8     249.238
9     249.178
10    249.404
11    249.457
12    252.293
13    251.036
14    251.191
15    252.165
-------------------------
Mean: 250.349 ms
##########################

Frequency: 2600 MHz
-------------------------
CPU   Time (ms)
0     244.803
1     245.487
2     245.332
3     245.623
4     246.341
5     246.066
6     247.446
7     247.198
8     244.775
9     244.657
10    244.753
11    245.682
12    248.230
13    245.683
14    247.361
15    247.333
-------------------------
Mean: 246.048 ms
##########################

Frequency: 3000 MHz
-------------------------
CPU   Time (ms)
0     241.889
1     241.494
2     241.371
3     241.637
4     242.166
5     243.437
6     243.607
7     243.770
8     241.905
9     241.752
10    241.247
11    246.345
12    241.904
13    240.961
14    243.095
15    242.852
-------------------------
Mean: 242.465 ms
##########################

