Frequency: 1200 MHz
-------------------------
CPU   Time (ms)
0     218.906
1     219.091
2     218.860
3     219.007
4     219.082
5     218.830
6     219.430
7     219.431
8     219.857
9     219.194
10    218.587
11    219.017
12    218.914
13    219.874
14    218.724
15    221.336
-------------------------
Mean: 219.259 ms
##########################

Frequency: 1300 MHz
-------------------------
CPU   Time (ms)
0     202.837
1     202.484
2     202.199
3     202.326
4     202.279
5     202.324
6     202.670
7     202.300
8     202.177
9     202.324
10    201.946
11    202.606
12    201.864
13    203.003
14    202.149
15    201.983
-------------------------
Mean: 202.342 ms
##########################

Frequency: 1400 MHz
-------------------------
CPU   Time (ms)
0     188.039
1     188.247
2     187.797
3     188.226
4     187.742
5     188.248
6     188.009
7     188.222
8     187.942
9     187.896
10    194.038
11    187.781
12    187.998
13    188.412
14    188.030
15    187.963
-------------------------
Mean: 188.412 ms
##########################

Frequency: 1500 MHz
-------------------------
CPU   Time (ms)
0     175.366
1     175.442
2     175.425
3     175.439
4     176.000
5     175.807
6     175.657
7     175.112
8     175.848
9     175.153
10    175.528
11    175.198
12    175.606
13    175.904
14    175.374
15    175.420
-------------------------
Mean: 175.517 ms
##########################

Frequency: 1600 MHz
-------------------------
CPU   Time (ms)
0     164.591
1     164.173
2     164.455
3     164.521
4     164.575
5     164.467
6     164.665
7     164.915
8     164.792
9     164.241
10    164.475
11    164.342
12    165.074
13    164.969
14    164.966
15    164.300
-------------------------
Mean: 164.595 ms
##########################

Frequency: 1700 MHz
-------------------------
CPU   Time (ms)
0     154.851
1     155.088
2     154.957
3     154.736
4     155.025
5     155.419
6     154.685
7     154.731
8     155.071
9     154.924
10    154.727
11    154.844
12    155.040
13    155.378
14    155.251
15    155.031
-------------------------
Mean: 154.985 ms
##########################

Frequency: 1800 MHz
-------------------------
CPU   Time (ms)
0     146.434
1     146.650
2     145.891
3     146.165
4     146.538
5     146.608
6     146.647
7     146.282
8     146.391
9     146.689
10    151.693
11    146.477
12    146.479
13    146.408
14    146.758
15    148.454
-------------------------
Mean: 146.910 ms
##########################

Frequency: 1900 MHz
-------------------------
CPU   Time (ms)
0     139.066
1     138.635
2     138.819
3     138.540
4     139.045
5     138.879
6     138.739
7     138.723
8     138.911
9     138.791
10    138.822
11    138.918
12    139.041
13    139.042
14    138.782
15    138.386
-------------------------
Mean: 138.821 ms
##########################

Frequency: 2000 MHz
-------------------------
CPU   Time (ms)
0     131.744
1     131.753
2     132.073
3     131.692
4     131.829
5     131.958
6     131.842
7     132.059
8     131.826
9     132.068
10    132.157
11    132.163
12    132.539
13    132.483
14    131.781
15    131.621
-------------------------
Mean: 131.974 ms
##########################

Frequency: 2100 MHz
-------------------------
CPU   Time (ms)
0     125.711
1     125.476
2     125.789
3     125.634
4     125.853
5     125.952
6     125.459
7     125.397
8     125.712
9     125.876
10    125.715
11    125.871
12    125.852
13    126.057
14    125.815
15    125.781
-------------------------
Mean: 125.747 ms
##########################

Frequency: 2200 MHz
-------------------------
CPU   Time (ms)
0     119.942
1     120.170
2     119.687
3     119.835
4     119.741
5     120.284
6     119.867
7     119.896
8     119.975
9     120.058
10    119.870
11    119.905
12    120.431
13    120.472
14    119.968
15    120.179
-------------------------
Mean: 120.017 ms
##########################

Frequency: 2300 MHz
-------------------------
CPU   Time (ms)
0     115.100
1     115.028
2     114.842
3     115.207
4     115.337
5     115.457
6     115.089
7     115.342
8     115.122
9     114.854
10    115.107
11    114.904
12    115.058
13    115.130
14    114.902
15    114.951
-------------------------
Mean: 115.090 ms
##########################

Frequency: 2400 MHz
-------------------------
CPU   Time (ms)
0     110.226
1     110.490
2     110.122
3     110.193
4     110.090
5     110.449
6     110.507
7     110.314
8     110.188
9     110.093
10    110.228
11    109.966
12    109.933
13    110.883
14    110.164
15    110.472
-------------------------
Mean: 110.270 ms
##########################

Frequency: 2500 MHz
-------------------------
CPU   Time (ms)
0     106.363
1     105.911
2     105.923
3     105.742
4     106.280
5     106.252
6     106.285
7     106.102
8     105.725
9     105.471
10    105.764
11    106.136
12    105.687
13    105.994
14    106.360
15    105.593
-------------------------
Mean: 105.974 ms
##########################

Frequency: 2600 MHz
-------------------------
CPU   Time (ms)
0     101.864
1     102.090
2     101.854
3     101.629
4     101.729
5     102.062
6     102.422
7     102.077
8     101.709
9     101.830
10    102.015
11    102.185
12    101.787
13    101.902
14    102.664
15    101.712
-------------------------
Mean: 101.971 ms
##########################

Frequency: 3000 MHz
-------------------------
CPU   Time (ms)
0     101.913
1     101.942
2     101.746
3     101.748
4     102.120
5     102.052
6     101.995
7     101.847
8     102.056
9     102.000
10    101.663
11    101.988
12    102.180
13    101.943
14    102.154
15    101.732
-------------------------
Mean: 101.942 ms
##########################

