Frequency: 1200 MHz
-------------------------
CPU   Time (ms)
0     18.906
1     18.925
2     18.996
3     18.975
4     19.027
5     19.127
6     18.672
7     18.770
8     19.261
9     19.143
10    19.279
11    19.310
12    19.218
13    19.363
14    19.266
15    19.335
-------------------------
Mean: 19.098 ms
##########################

Frequency: 1300 MHz
-------------------------
CPU   Time (ms)
0     18.354
1     18.444
2     18.827
3     18.630
4     18.573
5     18.436
6     18.231
7     18.275
8     18.372
9     18.436
10    18.462
11    18.652
12    18.586
13    18.404
14    18.359
15    17.952
-------------------------
Mean: 18.437 ms
##########################

Frequency: 1400 MHz
-------------------------
CPU   Time (ms)
0     17.546
1     17.480
2     17.341
3     17.429
4     17.423
5     17.364
6     17.343
7     16.853
8     17.300
9     17.178
10    17.248
11    17.230
12    17.191
13    16.973
14    17.116
15    16.521
-------------------------
Mean: 17.221 ms
##########################

Frequency: 1500 MHz
-------------------------
CPU   Time (ms)
0     16.335
1     16.525
2     16.456
3     16.526
4     16.442
5     16.296
6     16.212
7     16.034
8     16.007
9     16.325
10    16.123
11    16.237
12    16.275
13    16.026
14    16.253
15    15.672
-------------------------
Mean: 16.234 ms
##########################

Frequency: 1600 MHz
-------------------------
CPU   Time (ms)
0     15.632
1     15.551
2     15.890
3     15.811
4     15.688
5     15.555
6     15.455
7     15.466
8     15.058
9     15.027
10    15.125
11    15.409
12    15.300
13    15.041
14    15.271
15    14.836
-------------------------
Mean: 15.382 ms
##########################

Frequency: 1700 MHz
-------------------------
CPU   Time (ms)
0     14.700
1     14.921
2     14.987
3     14.973
4     14.904
5     14.856
6     14.737
7     14.486
8     14.841
9     14.780
10    14.903
11    14.912
12    14.831
13    15.068
14    15.159
15    14.077
-------------------------
Mean: 14.821 ms
##########################

Frequency: 1800 MHz
-------------------------
CPU   Time (ms)
0     14.129
1     14.266
2     14.497
3     14.377
4     14.350
5     14.209
6     14.117
7     13.807
8     14.033
9     14.300
10    14.356
11    14.314
12    14.188
13    14.144
14    13.869
15    12.939
-------------------------
Mean: 14.118 ms
##########################

Frequency: 1900 MHz
-------------------------
CPU   Time (ms)
0     13.403
1     13.821
2     13.895
3     13.852
4     13.693
5     13.547
6     13.459
7     13.634
8     13.402
9     13.890
10    13.893
11    13.764
12    13.751
13    13.793
14    13.444
15    13.288
-------------------------
Mean: 13.658 ms
##########################

Frequency: 2000 MHz
-------------------------
CPU   Time (ms)
0     13.493
1     13.713
2     13.667
3     13.590
4     13.442
5     13.459
6     13.484
7     13.334
8     12.935
9     13.189
10    13.359
11    13.399
12    13.453
13    13.515
14    12.898
15    12.439
-------------------------
Mean: 13.336 ms
##########################

Frequency: 2100 MHz
-------------------------
CPU   Time (ms)
0     12.784
1     13.202
2     13.049
3     13.106
4     13.040
5     12.894
6     12.764
7     12.655
8     13.025
9     13.201
10    13.128
11    13.197
12    13.112
13    13.187
14    13.080
15    12.929
-------------------------
Mean: 13.022 ms
##########################

Frequency: 2200 MHz
-------------------------
CPU   Time (ms)
0     12.307
1     12.521
2     12.436
3     12.553
4     12.456
5     12.505
6     12.185
7     12.350
8     12.126
9     12.512
10    12.518
11    12.494
12    12.511
13    12.487
14    12.290
15    12.323
-------------------------
Mean: 12.411 ms
##########################

Frequency: 2300 MHz
-------------------------
CPU   Time (ms)
0     12.159
1     12.451
2     12.341
3     12.339
4     12.397
5     12.192
6     11.994
7     12.243
8     11.821
9     12.009
10    12.140
11    12.302
12    12.234
13    12.149
14    11.662
15    10.982
-------------------------
Mean: 12.088 ms
##########################

Frequency: 2400 MHz
-------------------------
CPU   Time (ms)
0     11.539
1     11.844
2     11.986
3     11.842
4     11.963
5     11.801
6     11.475
7     11.604
8     11.672
9     11.882
10    11.884
11    11.920
12    11.968
13    11.923
14    11.761
15    11.370
-------------------------
Mean: 11.777 ms
##########################

Frequency: 2500 MHz
-------------------------
CPU   Time (ms)
0     11.660
1     11.724
2     11.601
3     11.814
4     11.676
5     11.510
6     11.249
7     10.816
8     11.793
9     11.817
10    11.872
11    11.930
12    11.907
13    11.673
14    11.423
15    11.669
-------------------------
Mean: 11.633 ms
##########################

Frequency: 2600 MHz
-------------------------
CPU   Time (ms)
0     11.139
1     11.474
2     11.447
3     11.553
4     11.610
5     11.496
6     11.214
7     10.849
8     11.178
9     11.259
10    11.399
11    11.382
12    11.432
13    11.564
14    11.285
15    9.929
-------------------------
Mean: 11.263 ms
##########################

Frequency: 3000 MHz
-------------------------
CPU   Time (ms)
0     11.267
1     11.739
2     11.718
3     11.688
4     11.650
5     11.384
6     11.203
7     11.241
8     11.250
9     11.607
10    11.497
11    11.703
12    11.678
13    10.575
14    11.538
15    11.389
-------------------------
Mean: 11.445 ms
##########################

