Frequency: 1200 MHz
-------------------------
CPU   Time (ms)
0     5757.855
1     5752.289
2     5748.950
3     5752.050
4     5744.927
5     5748.296
6     5741.427
7     5752.727
8     5750.806
9     5739.790
10    5739.133
11    5769.088
12    5756.872
13    5775.684
14    5739.026
15    5739.931
-------------------------
Mean: 5750.553 ms
##########################

Frequency: 1300 MHz
-------------------------
CPU   Time (ms)
0     5332.225
1     5316.907
2     5303.746
3     5314.142
4     5308.697
5     5309.232
6     5312.070
7     5315.093
8     5304.392
9     5305.152
10    5311.301
11    5343.893
12    5310.725
13    5338.354
14    5319.840
15    5311.452
-------------------------
Mean: 5316.076 ms
##########################

Frequency: 1400 MHz
-------------------------
CPU   Time (ms)
0     4950.901
1     4963.986
2     4948.035
3     4948.967
4     4946.188
5     4948.053
6     4960.274
7     4954.110
8     4964.146
9     4946.120
10    4942.181
11    4974.681
12    4944.863
13    4975.307
14    4946.157
15    4949.058
-------------------------
Mean: 4953.939 ms
##########################

Frequency: 1500 MHz
-------------------------
CPU   Time (ms)
0     4657.951
1     4632.885
2     4630.260
3     4630.231
4     4630.985
5     4633.892
6     4633.320
7     4632.876
8     4651.390
9     4631.669
10    4630.663
11    4648.535
12    4632.060
13    4652.743
14    4636.118
15    4632.926
-------------------------
Mean: 4637.406 ms
##########################

Frequency: 1600 MHz
-------------------------
CPU   Time (ms)
0     4369.210
1     4368.855
2     4368.580
3     4370.293
4     4367.814
5     4367.194
6     4367.106
7     4374.626
8     4370.848
9     4370.286
10    4368.127
11    4402.080
12    4368.924
13    4392.909
14    4370.692
15    4370.638
-------------------------
Mean: 4373.011 ms
##########################

Frequency: 1700 MHz
-------------------------
CPU   Time (ms)
0     4143.980
1     4143.527
2     4141.801
3     4141.186
4     4395.046
5     4142.327
6     4141.171
7     4145.657
8     4140.663
9     4142.009
10    4138.563
11    4166.266
12    4137.171
13    4158.456
14    4141.995
15    4141.142
-------------------------
Mean: 4160.060 ms
##########################

Frequency: 1800 MHz
-------------------------
CPU   Time (ms)
0     3949.976
1     3949.298
2     3949.108
3     3950.039
4     3948.996
5     3949.296
6     3948.968
7     3949.968
8     3948.672
9     3949.007
10    3949.082
11    3972.087
12    3947.117
13    3963.120
14    3945.213
15    3950.163
-------------------------
Mean: 3951.257 ms
##########################

Frequency: 1900 MHz
-------------------------
CPU   Time (ms)
0     3773.725
1     3774.281
2     3773.270
3     3772.573
4     3770.513
5     3770.804
6     3771.432
7     3772.064
8     3769.974
9     3766.076
10    3764.939
11    3792.762
12    3767.862
13    3784.264
14    3763.011
15    3766.116
-------------------------
Mean: 3772.104 ms
##########################

Frequency: 2000 MHz
-------------------------
CPU   Time (ms)
0     3615.901
1     3613.545
2     3612.015
3     3613.106
4     3613.255
5     3612.835
6     3611.381
7     3614.266
8     3613.486
9     3612.807
10    3612.706
11    3635.946
12    3612.491
13    3627.728
14    3613.718
15    3621.021
-------------------------
Mean: 3616.013 ms
##########################

Frequency: 2100 MHz
-------------------------
CPU   Time (ms)
0     3477.898
1     3474.774
2     3475.544
3     3475.367
4     3474.355
5     3471.865
6     3473.977
7     3474.776
8     3481.802
9     3479.945
10    3479.930
11    3499.916
12    3482.613
13    3495.924
14    3481.853
15    3482.213
-------------------------
Mean: 3480.172 ms
##########################

Frequency: 2200 MHz
-------------------------
CPU   Time (ms)
0     3368.686
1     3359.072
2     3358.632
3     3355.345
4     3365.330
5     3361.113
6     3351.851
7     3357.249
8     3373.285
9     3366.093
10    3362.653
11    3382.253
12    3358.982
13    3403.222
14    3378.870
15    3370.239
-------------------------
Mean: 3367.055 ms
##########################

Frequency: 2300 MHz
-------------------------
CPU   Time (ms)
0     3244.629
1     3245.395
2     3245.403
3     3243.719
4     3244.406
5     3241.510
6     3245.831
7     3249.079
8     3250.196
9     3248.532
10    3246.294
11    3258.557
12    3253.140
13    3259.087
14    3248.679
15    3245.009
-------------------------
Mean: 3248.092 ms
##########################

Frequency: 2400 MHz
-------------------------
CPU   Time (ms)
0     3152.873
1     3150.787
2     3150.394
3     3154.211
4     3149.478
5     3150.069
6     3151.451
7     3151.013
8     3149.979
9     3151.694
10    3153.246
11    3160.394
12    3161.873
13    3164.225
14    3152.538
15    3156.275
-------------------------
Mean: 3153.781 ms
##########################

Frequency: 2500 MHz
-------------------------
CPU   Time (ms)
0     3065.028
1     3066.689
2     3066.452
3     3061.872
4     3068.135
5     3066.746
6     3064.353
7     3067.579
8     3065.009
9     3063.930
10    3067.247
11    3075.893
12    3079.812
13    3078.785
14    3067.578
15    3065.166
-------------------------
Mean: 3068.142 ms
##########################

Frequency: 2600 MHz
-------------------------
CPU   Time (ms)
0     3011.492
1     3009.319
2     2992.013
3     2987.125
4     3000.205
5     3007.639
6     3006.367
7     2991.967
8     2996.115
9     2993.567
10    2985.376
11    3001.242
12    3003.332
13    3013.217
14    2993.382
15    2996.455
-------------------------
Mean: 2999.301 ms
##########################

Frequency: 3000 MHz
-------------------------
CPU   Time (ms)
0     2788.818
1     2805.321
2     2812.993
3     2783.239
4     2812.209
5     2801.858
6     2783.627
7     2813.361
8     2814.977
9     2802.916
10    2802.581
11    2811.791
12    2811.140
13    2816.300
14    2783.959
15    2810.161
-------------------------
Mean: 2803.453 ms
##########################

