Frequency: 1200 MHz
-------------------------
CPU   Time (ms)
0     187.740
1     186.133
2     186.005
3     185.727
4     185.808
5     185.699
6     185.739
7     185.857
8     185.749
9     186.105
10    185.760
11    186.033
12    185.647
13    185.716
14    185.493
15    186.170
-------------------------
Mean: 185.961 ms
##########################

Frequency: 1300 MHz
-------------------------
CPU   Time (ms)
0     171.769
1     171.716
2     171.578
3     171.607
4     171.859
5     171.684
6     171.508
7     171.706
8     171.732
9     171.628
10    171.559
11    171.737
12    171.610
13    172.366
14    171.731
15    171.379
-------------------------
Mean: 171.698 ms
##########################

Frequency: 1400 MHz
-------------------------
CPU   Time (ms)
0     159.601
1     159.396
2     159.379
3     159.320
4     159.389
5     159.402
6     159.283
7     159.356
8     159.558
9     159.506
10    159.579
11    159.275
12    159.422
13    159.665
14    159.477
15    159.577
-------------------------
Mean: 159.449 ms
##########################

Frequency: 1500 MHz
-------------------------
CPU   Time (ms)
0     148.936
1     148.978
2     148.959
3     148.851
4     148.982
5     148.808
6     148.665
7     148.796
8     149.071
9     148.955
10    148.853
11    148.895
12    149.008
13    149.439
14    148.732
15    148.843
-------------------------
Mean: 148.923 ms
##########################

Frequency: 1600 MHz
-------------------------
CPU   Time (ms)
0     139.621
1     140.064
2     139.569
3     139.621
4     139.669
5     139.502
6     139.683
7     139.507
8     139.672
9     139.526
10    139.590
11    139.519
12    139.836
13    139.848
14    139.457
15    139.434
-------------------------
Mean: 139.632 ms
##########################

Frequency: 1700 MHz
-------------------------
CPU   Time (ms)
0     131.474
1     131.572
2     131.434
3     131.551
4     131.430
5     131.430
6     131.495
7     131.420
8     131.261
9     131.561
10    131.203
11    131.428
12    131.473
13    131.859
14    131.489
15    131.326
-------------------------
Mean: 131.463 ms
##########################

Frequency: 1800 MHz
-------------------------
CPU   Time (ms)
0     124.627
1     124.542
2     124.189
3     124.457
4     124.245
5     124.235
6     124.225
7     124.364
8     124.135
9     124.151
10    124.223
11    124.155
12    124.176
13    124.520
14    126.061
15    124.442
-------------------------
Mean: 124.422 ms
##########################

Frequency: 1900 MHz
-------------------------
CPU   Time (ms)
0     117.836
1     117.908
2     117.885
3     118.034
4     117.878
5     117.875
6     117.683
7     117.700
8     118.069
9     117.734
10    117.742
11    117.900
12    117.845
13    118.150
14    117.752
15    117.767
-------------------------
Mean: 117.860 ms
##########################

Frequency: 2000 MHz
-------------------------
CPU   Time (ms)
0     111.956
1     111.918
2     112.097
3     112.141
4     111.887
5     111.855
6     111.949
7     112.204
8     112.132
9     111.897
10    111.898
11    111.773
12    112.077
13    112.302
14    112.101
15    111.706
-------------------------
Mean: 111.993 ms
##########################

Frequency: 2100 MHz
-------------------------
CPU   Time (ms)
0     106.670
1     106.769
2     106.640
3     106.710
4     106.818
5     106.599
6     107.022
7     106.755
8     106.764
9     106.771
10    106.805
11    106.820
12    106.725
13    107.043
14    106.730
15    106.778
-------------------------
Mean: 106.776 ms
##########################

Frequency: 2200 MHz
-------------------------
CPU   Time (ms)
0     102.059
1     102.119
2     102.062
3     102.128
4     101.920
5     101.832
6     102.042
7     101.951
8     101.716
9     101.997
10    102.307
11    102.055
12    101.964
13    101.964
14    101.716
15    101.727
-------------------------
Mean: 101.972 ms
##########################

Frequency: 2300 MHz
-------------------------
CPU   Time (ms)
0     97.529
1     97.550
2     97.497
3     97.663
4     97.654
5     97.394
6     97.455
7     97.574
8     97.609
9     97.594
10    97.648
11    97.575
12    97.594
13    97.856
14    97.736
15    97.670
-------------------------
Mean: 97.600 ms
##########################

Frequency: 2400 MHz
-------------------------
CPU   Time (ms)
0     93.852
1     93.724
2     93.664
3     93.540
4     93.870
5     93.882
6     93.782
7     93.894
8     93.785
9     93.615
10    97.924
11    93.770
12    94.258
13    94.006
14    94.229
15    93.822
-------------------------
Mean: 94.101 ms
##########################

Frequency: 2500 MHz
-------------------------
CPU   Time (ms)
0     89.959
1     90.215
2     90.088
3     90.216
4     90.249
5     89.824
6     89.959
7     89.847
8     90.178
9     90.296
10    90.123
11    90.041
12    90.141
13    89.849
14    90.108
15    89.696
-------------------------
Mean: 90.049 ms
##########################

Frequency: 2600 MHz
-------------------------
CPU   Time (ms)
0     86.587
1     86.574
2     86.534
3     86.948
4     86.853
5     86.853
6     86.798
7     86.636
8     86.568
9     86.570
10    86.888
11    86.807
12    86.695
13    86.704
14    86.686
15    86.523
-------------------------
Mean: 86.702 ms
##########################

Frequency: 3000 MHz
-------------------------
CPU   Time (ms)
0     86.712
1     86.737
2     86.844
3     86.880
4     86.896
5     87.090
6     86.963
7     86.860
8     86.690
9     86.655
10    86.754
11    86.652
12    86.959
13    87.121
14    86.700
15    86.689
-------------------------
Mean: 86.825 ms
##########################

