Frequency: 1200 MHz
-------------------------
CPU   Time (ms)
0     5.947
1     5.961
2     5.984
3     5.861
4     5.701
5     5.731
6     5.824
7     5.859
8     5.859
9     5.855
10    5.900
11    5.873
12    5.793
13    6.002
14    5.886
15    5.912
-------------------------
Mean: 5.872 ms
##########################

Frequency: 1300 MHz
-------------------------
CPU   Time (ms)
0     5.517
1     5.651
2     5.658
3     5.594
4     5.450
5     5.324
6     5.213
7     5.286
8     5.498
9     5.551
10    5.462
11    5.409
12    5.273
13    5.232
14    5.464
15    5.342
-------------------------
Mean: 5.433 ms
##########################

Frequency: 1400 MHz
-------------------------
CPU   Time (ms)
0     5.172
1     5.335
2     5.310
3     5.238
4     4.704
5     4.995
6     5.080
7     5.002
8     5.255
9     5.293
10    5.271
11    5.168
12    4.974
13    4.830
14    5.074
15    4.870
-------------------------
Mean: 5.098 ms
##########################

Frequency: 1500 MHz
-------------------------
CPU   Time (ms)
0     4.867
1     5.018
2     4.925
3     4.910
4     4.642
5     4.635
6     4.630
7     4.631
8     5.001
9     4.975
10    4.863
11    4.604
12    4.942
13    4.923
14    4.914
15    4.797
-------------------------
Mean: 4.830 ms
##########################

Frequency: 1600 MHz
-------------------------
CPU   Time (ms)
0     4.627
1     4.732
2     4.600
3     4.519
4     4.590
5     4.538
6     4.521
7     4.503
8     4.545
9     4.718
10    4.500
11    4.699
12    4.589
13    4.510
14    4.506
15    4.707
-------------------------
Mean: 4.588 ms
##########################

Frequency: 1700 MHz
-------------------------
CPU   Time (ms)
0     4.390
1     4.517
2     4.495
3     4.408
4     4.370
5     4.205
6     4.252
7     4.221
8     4.411
9     4.422
10    4.428
11    4.383
12    4.345
13    3.997
14    4.290
15    4.156
-------------------------
Mean: 4.330 ms
##########################

Frequency: 1800 MHz
-------------------------
CPU   Time (ms)
0     4.229
1     4.314
2     4.296
3     4.214
4     4.168
5     4.152
6     4.211
7     4.221
8     4.220
9     4.158
10    4.155
11    4.173
12    4.206
13    4.205
14    4.041
15    4.030
-------------------------
Mean: 4.187 ms
##########################

Frequency: 1900 MHz
-------------------------
CPU   Time (ms)
0     4.188
1     4.220
2     4.218
3     4.173
4     4.131
5     3.989
6     3.907
7     3.600
8     3.998
9     4.056
10    4.097
11    4.232
12    4.151
13    3.940
14    3.784
15    3.594
-------------------------
Mean: 4.017 ms
##########################

Frequency: 2000 MHz
-------------------------
CPU   Time (ms)
0     4.216
1     4.233
2     4.254
3     4.153
4     3.878
5     3.818
6     3.674
7     3.640
8     3.927
9     3.939
10    3.882
11    3.813
12    3.746
13    3.830
14    3.659
15    3.662
-------------------------
Mean: 3.895 ms
##########################

Frequency: 2100 MHz
-------------------------
CPU   Time (ms)
0     3.846
1     3.832
2     4.025
3     4.030
4     3.567
5     3.946
6     3.942
7     4.031
8     3.719
9     3.663
10    3.516
11    3.773
12    3.704
13    3.597
14    3.724
15    3.773
-------------------------
Mean: 3.793 ms
##########################

Frequency: 2200 MHz
-------------------------
CPU   Time (ms)
0     4.153
1     4.038
2     4.083
3     4.138
4     4.007
5     3.578
6     3.342
7     3.591
8     3.564
9     3.679
10    3.480
11    3.666
12    3.564
13    3.439
14    3.403
15    3.070
-------------------------
Mean: 3.675 ms
##########################

Frequency: 2300 MHz
-------------------------
CPU   Time (ms)
0     3.740
1     3.746
2     3.721
3     3.697
4     3.564
5     3.446
6     3.476
7     3.403
8     3.569
9     3.594
10    3.485
11    3.607
12    3.608
13    3.505
14    3.620
15    3.369
-------------------------
Mean: 3.572 ms
##########################

Frequency: 2400 MHz
-------------------------
CPU   Time (ms)
0     3.484
1     3.736
2     3.691
3     3.731
4     3.533
5     3.318
6     3.189
7     3.063
8     3.780
9     3.776
10    3.790
11    3.871
12    3.459
13    3.246
14    3.275
15    3.187
-------------------------
Mean: 3.508 ms
##########################

Frequency: 2500 MHz
-------------------------
CPU   Time (ms)
0     3.373
1     3.495
2     3.391
3     3.525
4     3.452
5     3.305
6     3.192
7     3.198
8     3.324
9     3.378
10    3.375
11    3.323
12    3.186
13    3.235
14    3.151
15    3.097
-------------------------
Mean: 3.312 ms
##########################

Frequency: 2600 MHz
-------------------------
CPU   Time (ms)
0     3.361
1     3.404
2     3.240
3     3.367
4     3.341
5     3.263
6     3.191
7     2.855
8     3.234
9     3.197
10    3.286
11    3.372
12    3.212
13    3.236
14    3.009
15    3.051
-------------------------
Mean: 3.226 ms
##########################

Frequency: 3000 MHz
-------------------------
CPU   Time (ms)
0     3.698
1     3.470
2     3.541
3     3.486
4     3.464
5     3.364
6     3.219
7     3.206
8     3.705
9     3.644
10    3.859
11    3.597
12    3.379
13    3.693
14    3.352
15    2.907
-------------------------
Mean: 3.474 ms
##########################

