Frequency: 1200 MHz
-------------------------
CPU   Time (ms)
0     21.165
1     21.297
2     21.112
3     21.227
4     21.230
5     21.150
6     20.904
7     20.913
8     20.793
9     20.899
10    20.931
11    20.858
12    20.918
13    20.868
14    21.528
15    20.510
-------------------------
Mean: 21.019 ms
##########################

Frequency: 1300 MHz
-------------------------
CPU   Time (ms)
0     19.109
1     19.287
2     19.204
3     19.239
4     19.265
5     19.152
6     19.026
7     18.773
8     19.359
9     19.289
10    19.540
11    19.391
12    19.296
13    19.477
14    19.430
15    19.209
-------------------------
Mean: 19.253 ms
##########################

Frequency: 1400 MHz
-------------------------
CPU   Time (ms)
0     18.027
1     18.027
2     18.158
3     18.043
4     18.094
5     17.984
6     17.790
7     17.412
8     17.877
9     17.800
10    18.035
11    18.233
12    18.089
13    17.849
14    17.908
15    17.246
-------------------------
Mean: 17.911 ms
##########################

Frequency: 1500 MHz
-------------------------
CPU   Time (ms)
0     16.722
1     16.814
2     16.903
3     16.802
4     16.927
5     16.933
6     16.733
7     16.551
8     16.668
9     16.877
10    16.808
11    16.937
12    16.944
13    16.988
14    16.753
15    16.098
-------------------------
Mean: 16.779 ms
##########################

Frequency: 1600 MHz
-------------------------
CPU   Time (ms)
0     16.088
1     16.253
2     16.307
3     16.357
4     16.311
5     16.022
6     15.721
7     15.902
8     16.212
9     16.309
10    16.453
11    16.367
12    16.226
13    16.302
14    16.245
15    16.219
-------------------------
Mean: 16.206 ms
##########################

Frequency: 1700 MHz
-------------------------
CPU   Time (ms)
0     15.090
1     15.387
2     15.480
3     15.450
4     15.695
5     15.665
6     15.338
7     15.183
8     14.975
9     15.406
10    15.621
11    15.630
12    15.360
13    15.375
14    14.584
15    15.240
-------------------------
Mean: 15.342 ms
##########################

Frequency: 1800 MHz
-------------------------
CPU   Time (ms)
0     14.878
1     15.010
2     15.094
3     15.121
4     14.853
5     15.047
6     14.849
7     14.804
8     14.408
9     14.653
10    14.678
11    14.812
12    14.682
13    15.271
14    14.418
15    14.216
-------------------------
Mean: 14.800 ms
##########################

Frequency: 1900 MHz
-------------------------
CPU   Time (ms)
0     13.993
1     14.106
2     14.240
3     14.160
4     13.330
5     13.941
6     13.895
7     13.702
8     13.752
9     13.986
10    14.046
11    14.003
12    14.091
13    13.991
14    13.614
15    13.575
-------------------------
Mean: 13.902 ms
##########################

Frequency: 2000 MHz
-------------------------
CPU   Time (ms)
0     13.493
1     13.873
2     13.941
3     13.915
4     13.801
5     13.756
6     13.666
7     13.473
8     13.665
9     13.723
10    13.728
11    13.956
12    14.020
13    13.983
14    14.011
15    13.262
-------------------------
Mean: 13.767 ms
##########################

Frequency: 2100 MHz
-------------------------
CPU   Time (ms)
0     13.147
1     13.227
2     13.399
3     13.648
4     13.425
5     13.359
6     13.182
7     12.589
8     13.251
9     13.261
10    13.432
11    13.419
12    13.375
13    13.422
14    13.396
15    11.980
-------------------------
Mean: 13.219 ms
##########################

Frequency: 2200 MHz
-------------------------
CPU   Time (ms)
0     12.836
1     13.017
2     13.108
3     13.221
4     13.268
5     13.140
6     13.116
7     12.769
8     13.076
9     13.107
10    13.141
11    13.222
12    13.229
13    13.168
14    13.078
15    12.596
-------------------------
Mean: 13.068 ms
##########################

Frequency: 2300 MHz
-------------------------
CPU   Time (ms)
0     12.527
1     12.571
2     12.616
3     12.639
4     12.245
5     12.505
6     12.418
7     12.254
8     12.273
9     12.483
10    12.683
11    12.667
12    12.476
13    12.750
14    12.200
15    12.377
-------------------------
Mean: 12.480 ms
##########################

Frequency: 2400 MHz
-------------------------
CPU   Time (ms)
0     12.046
1     12.050
2     12.263
3     12.213
4     12.228
5     12.022
6     11.648
7     11.834
8     12.416
9     12.590
10    12.499
11    12.736
12    12.759
13    12.892
14    12.725
15    12.368
-------------------------
Mean: 12.330 ms
##########################

Frequency: 2500 MHz
-------------------------
CPU   Time (ms)
0     11.759
1     12.175
2     12.181
3     12.181
4     12.263
5     12.264
6     11.881
7     11.893
8     12.241
9     12.258
10    12.536
11    12.448
12    12.605
13    12.575
14    12.217
15    12.005
-------------------------
Mean: 12.218 ms
##########################

Frequency: 2600 MHz
-------------------------
CPU   Time (ms)
0     11.600
1     12.018
2     11.941
3     11.900
4     12.056
5     12.022
6     11.794
7     11.804
8     12.004
9     12.010
10    11.910
11    12.001
12    11.818
13    11.935
14    11.652
15    10.229
-------------------------
Mean: 11.793 ms
##########################

Frequency: 3000 MHz
-------------------------
CPU   Time (ms)
0     11.490
1     11.952
2     11.849
3     12.056
4     12.045
5     11.924
6     11.236
7     11.532
8     11.544
9     11.949
10    11.941
11    12.012
12    11.993
13    11.995
14    11.787
15    11.819
-------------------------
Mean: 11.820 ms
##########################

