Frequency: 1200 MHz
-------------------------
Socket   Power (w)
0        39.648
1        39.512
-------------------------
Mean: 39.580 w
#########################

Frequency: 1300 MHz
-------------------------
Socket   Power (w)
0        42.066
1        41.818
-------------------------
Mean: 41.942 w
#########################

Frequency: 1400 MHz
-------------------------
Socket   Power (w)
0        44.352
1        44.151
-------------------------
Mean: 44.252 w
#########################

Frequency: 1500 MHz
-------------------------
Socket   Power (w)
0        47.119
1        46.620
-------------------------
Mean: 46.869 w
#########################

Frequency: 1600 MHz
-------------------------
Socket   Power (w)
0        49.674
1        49.179
-------------------------
Mean: 49.426 w
#########################

Frequency: 1700 MHz
-------------------------
Socket   Power (w)
0        52.284
1        51.963
-------------------------
Mean: 52.123 w
#########################

Frequency: 1800 MHz
-------------------------
Socket   Power (w)
0        54.860
1        54.566
-------------------------
Mean: 54.713 w
#########################

Frequency: 1900 MHz
-------------------------
Socket   Power (w)
0        58.119
1        57.379
-------------------------
Mean: 57.749 w
#########################

Frequency: 2000 MHz
-------------------------
Socket   Power (w)
0        60.882
1        60.579
-------------------------
Mean: 60.731 w
#########################

Frequency: 2100 MHz
-------------------------
Socket   Power (w)
0        63.972
1        63.606
-------------------------
Mean: 63.789 w
#########################

Frequency: 2200 MHz
-------------------------
Socket   Power (w)
0        67.473
1        66.641
-------------------------
Mean: 67.057 w
#########################

Frequency: 2300 MHz
-------------------------
Socket   Power (w)
0        70.575
1        70.320
-------------------------
Mean: 70.447 w
#########################

Frequency: 2400 MHz
-------------------------
Socket   Power (w)
0        73.947
1        73.686
-------------------------
Mean: 73.816 w
#########################

Frequency: 2500 MHz
-------------------------
Socket   Power (w)
0        78.047
1        77.744
-------------------------
Mean: 77.895 w
#########################

Frequency: 2600 MHz
-------------------------
Socket   Power (w)
0        81.689
1        81.358
-------------------------
Mean: 81.523 w
#########################

Frequency: 3000 MHz
-------------------------
Socket   Power (w)
0        95.086
1        94.568
-------------------------
Mean: 94.827 w
#########################

