Frequency: 1200 MHz
-------------------------
Socket   Power (w)
0        39.851
1        39.411
-------------------------
Mean: 39.631 w
#########################

Frequency: 1300 MHz
-------------------------
Socket   Power (w)
0        42.741
1        42.203
-------------------------
Mean: 42.472 w
#########################

Frequency: 1400 MHz
-------------------------
Socket   Power (w)
0        45.977
1        45.212
-------------------------
Mean: 45.594 w
#########################

Frequency: 1500 MHz
-------------------------
Socket   Power (w)
0        49.056
1        48.602
-------------------------
Mean: 48.829 w
#########################

Frequency: 1600 MHz
-------------------------
Socket   Power (w)
0        52.356
1        51.884
-------------------------
Mean: 52.120 w
#########################

Frequency: 1700 MHz
-------------------------
Socket   Power (w)
0        55.932
1        55.269
-------------------------
Mean: 55.600 w
#########################

Frequency: 1800 MHz
-------------------------
Socket   Power (w)
0        59.778
1        59.112
-------------------------
Mean: 59.445 w
#########################

Frequency: 1900 MHz
-------------------------
Socket   Power (w)
0        63.485
1        62.951
-------------------------
Mean: 63.218 w
#########################

Frequency: 2000 MHz
-------------------------
Socket   Power (w)
0        67.614
1        66.770
-------------------------
Mean: 67.192 w
#########################

Frequency: 2100 MHz
-------------------------
Socket   Power (w)
0        71.916
1        71.308
-------------------------
Mean: 71.612 w
#########################

Frequency: 2200 MHz
-------------------------
Socket   Power (w)
0        76.191
1        75.619
-------------------------
Mean: 75.905 w
#########################

Frequency: 2300 MHz
-------------------------
Socket   Power (w)
0        81.304
1        80.516
-------------------------
Mean: 80.910 w
#########################

Frequency: 2400 MHz
-------------------------
Socket   Power (w)
0        85.997
1        85.055
-------------------------
Mean: 85.526 w
#########################

Frequency: 2500 MHz
-------------------------
Socket   Power (w)
0        91.204
1        90.460
-------------------------
Mean: 90.832 w
#########################

Frequency: 2600 MHz
-------------------------
Socket   Power (w)
0        96.449
1        95.444
-------------------------
Mean: 95.947 w
#########################

Frequency: 3000 MHz
-------------------------
Socket   Power (w)
0        115.028
1        114.337
-------------------------
Mean: 114.683 w
#########################

