Frequency: 1200 MHz
-------------------------
Socket   Power (w)
0        39.426
1        39.142
-------------------------
Mean: 39.284 w
#########################

Frequency: 1300 MHz
-------------------------
Socket   Power (w)
0        41.860
1        41.473
-------------------------
Mean: 41.666 w
#########################

Frequency: 1400 MHz
-------------------------
Socket   Power (w)
0        44.340
1        43.831
-------------------------
Mean: 44.085 w
#########################

Frequency: 1500 MHz
-------------------------
Socket   Power (w)
0        46.805
1        46.262
-------------------------
Mean: 46.533 w
#########################

Frequency: 1600 MHz
-------------------------
Socket   Power (w)
0        49.297
1        48.935
-------------------------
Mean: 49.116 w
#########################

Frequency: 1700 MHz
-------------------------
Socket   Power (w)
0        51.842
1        51.398
-------------------------
Mean: 51.620 w
#########################

Frequency: 1800 MHz
-------------------------
Socket   Power (w)
0        54.647
1        53.994
-------------------------
Mean: 54.321 w
#########################

Frequency: 1900 MHz
-------------------------
Socket   Power (w)
0        57.322
1        57.002
-------------------------
Mean: 57.162 w
#########################

Frequency: 2000 MHz
-------------------------
Socket   Power (w)
0        60.223
1        59.756
-------------------------
Mean: 59.990 w
#########################

Frequency: 2100 MHz
-------------------------
Socket   Power (w)
0        63.082
1        62.619
-------------------------
Mean: 62.851 w
#########################

Frequency: 2200 MHz
-------------------------
Socket   Power (w)
0        66.485
1        66.033
-------------------------
Mean: 66.259 w
#########################

Frequency: 2300 MHz
-------------------------
Socket   Power (w)
0        69.418
1        69.063
-------------------------
Mean: 69.241 w
#########################

Frequency: 2400 MHz
-------------------------
Socket   Power (w)
0        73.072
1        72.263
-------------------------
Mean: 72.668 w
#########################

Frequency: 2500 MHz
-------------------------
Socket   Power (w)
0        76.434
1        76.052
-------------------------
Mean: 76.243 w
#########################

Frequency: 2600 MHz
-------------------------
Socket   Power (w)
0        79.812
1        79.517
-------------------------
Mean: 79.665 w
#########################

Frequency: 3000 MHz
-------------------------
Socket   Power (w)
0        92.805
1        92.359
-------------------------
Mean: 92.582 w
#########################

