Frequency: 1200 MHz
-------------------------
Socket   Power (w)
0        30.966
1        30.767
-------------------------
Mean: 30.867 w
#########################

Frequency: 1300 MHz
-------------------------
Socket   Power (w)
0        32.680
1        32.593
-------------------------
Mean: 32.636 w
#########################

Frequency: 1400 MHz
-------------------------
Socket   Power (w)
0        34.627
1        34.464
-------------------------
Mean: 34.545 w
#########################

Frequency: 1500 MHz
-------------------------
Socket   Power (w)
0        36.755
1        36.413
-------------------------
Mean: 36.584 w
#########################

Frequency: 1600 MHz
-------------------------
Socket   Power (w)
0        38.851
1        38.642
-------------------------
Mean: 38.746 w
#########################

Frequency: 1700 MHz
-------------------------
Socket   Power (w)
0        40.956
1        40.877
-------------------------
Mean: 40.917 w
#########################

Frequency: 1800 MHz
-------------------------
Socket   Power (w)
0        43.346
1        43.166
-------------------------
Mean: 43.256 w
#########################

Frequency: 1900 MHz
-------------------------
Socket   Power (w)
0        46.042
1        45.554
-------------------------
Mean: 45.798 w
#########################

Frequency: 2000 MHz
-------------------------
Socket   Power (w)
0        48.596
1        48.413
-------------------------
Mean: 48.504 w
#########################

Frequency: 2100 MHz
-------------------------
Socket   Power (w)
0        51.190
1        50.999
-------------------------
Mean: 51.095 w
#########################

Frequency: 2200 MHz
-------------------------
Socket   Power (w)
0        54.323
1        54.130
-------------------------
Mean: 54.226 w
#########################

Frequency: 2300 MHz
-------------------------
Socket   Power (w)
0        57.315
1        57.137
-------------------------
Mean: 57.226 w
#########################

Frequency: 2400 MHz
-------------------------
Socket   Power (w)
0        60.839
1        60.238
-------------------------
Mean: 60.538 w
#########################

Frequency: 2500 MHz
-------------------------
Socket   Power (w)
0        64.056
1        63.842
-------------------------
Mean: 63.949 w
#########################

Frequency: 2600 MHz
-------------------------
Socket   Power (w)
0        67.599
1        67.236
-------------------------
Mean: 67.418 w
#########################

Frequency: 3000 MHz
-------------------------
Socket   Power (w)
0        80.066
1        80.022
-------------------------
Mean: 80.044 w
#########################

