Frequency: 1200 MHz
-------------------------
Socket   Power (w)
0        34.798
1        34.720
-------------------------
Mean: 34.759 w
#########################

Frequency: 1300 MHz
-------------------------
Socket   Power (w)
0        37.050
1        36.691
-------------------------
Mean: 36.871 w
#########################

Frequency: 1400 MHz
-------------------------
Socket   Power (w)
0        39.294
1        39.184
-------------------------
Mean: 39.239 w
#########################

Frequency: 1500 MHz
-------------------------
Socket   Power (w)
0        41.622
1        41.532
-------------------------
Mean: 41.577 w
#########################

Frequency: 1600 MHz
-------------------------
Socket   Power (w)
0        44.421
1        43.964
-------------------------
Mean: 44.193 w
#########################

Frequency: 1700 MHz
-------------------------
Socket   Power (w)
0        47.028
1        46.602
-------------------------
Mean: 46.815 w
#########################

Frequency: 1800 MHz
-------------------------
Socket   Power (w)
0        49.645
1        49.544
-------------------------
Mean: 49.595 w
#########################

Frequency: 1900 MHz
-------------------------
Socket   Power (w)
0        52.654
1        52.336
-------------------------
Mean: 52.495 w
#########################

Frequency: 2000 MHz
-------------------------
Socket   Power (w)
0        55.671
1        55.625
-------------------------
Mean: 55.648 w
#########################

Frequency: 2100 MHz
-------------------------
Socket   Power (w)
0        58.603
1        58.628
-------------------------
Mean: 58.615 w
#########################

Frequency: 2200 MHz
-------------------------
Socket   Power (w)
0        62.140
1        61.718
-------------------------
Mean: 61.929 w
#########################

Frequency: 2300 MHz
-------------------------
Socket   Power (w)
0        65.426
1        65.439
-------------------------
Mean: 65.432 w
#########################

Frequency: 2400 MHz
-------------------------
Socket   Power (w)
0        68.917
1        68.767
-------------------------
Mean: 68.842 w
#########################

Frequency: 2500 MHz
-------------------------
Socket   Power (w)
0        72.912
1        72.790
-------------------------
Mean: 72.851 w
#########################

Frequency: 2600 MHz
-------------------------
Socket   Power (w)
0        76.474
1        76.385
-------------------------
Mean: 76.429 w
#########################

Frequency: 3000 MHz
-------------------------
Socket   Power (w)
0        89.550
1        89.537
-------------------------
Mean: 89.543 w
#########################

