Frequency: 1200 MHz
-------------------------
Socket   Power (w)
0        40.077
1        39.394
-------------------------
Mean: 39.735 w
#########################

Frequency: 1300 MHz
-------------------------
Socket   Power (w)
0        42.514
1        41.940
-------------------------
Mean: 42.227 w
#########################

Frequency: 1400 MHz
-------------------------
Socket   Power (w)
0        44.990
1        44.548
-------------------------
Mean: 44.769 w
#########################

Frequency: 1500 MHz
-------------------------
Socket   Power (w)
0        47.397
1        47.007
-------------------------
Mean: 47.202 w
#########################

Frequency: 1600 MHz
-------------------------
Socket   Power (w)
0        49.985
1        49.547
-------------------------
Mean: 49.766 w
#########################

Frequency: 1700 MHz
-------------------------
Socket   Power (w)
0        52.722
1        52.297
-------------------------
Mean: 52.509 w
#########################

Frequency: 1800 MHz
-------------------------
Socket   Power (w)
0        55.682
1        55.275
-------------------------
Mean: 55.478 w
#########################

Frequency: 1900 MHz
-------------------------
Socket   Power (w)
0        58.476
1        58.067
-------------------------
Mean: 58.271 w
#########################

Frequency: 2000 MHz
-------------------------
Socket   Power (w)
0        61.416
1        60.843
-------------------------
Mean: 61.130 w
#########################

Frequency: 2100 MHz
-------------------------
Socket   Power (w)
0        65.023
1        64.448
-------------------------
Mean: 64.735 w
#########################

Frequency: 2200 MHz
-------------------------
Socket   Power (w)
0        68.088
1        67.536
-------------------------
Mean: 67.812 w
#########################

Frequency: 2300 MHz
-------------------------
Socket   Power (w)
0        71.203
1        70.745
-------------------------
Mean: 70.974 w
#########################

Frequency: 2400 MHz
-------------------------
Socket   Power (w)
0        75.130
1        74.723
-------------------------
Mean: 74.927 w
#########################

Frequency: 2500 MHz
-------------------------
Socket   Power (w)
0        78.568
1        78.190
-------------------------
Mean: 78.379 w
#########################

Frequency: 2600 MHz
-------------------------
Socket   Power (w)
0        82.824
1        82.304
-------------------------
Mean: 82.564 w
#########################

Frequency: 3000 MHz
-------------------------
Socket   Power (w)
0        96.223
1        95.688
-------------------------
Mean: 95.956 w
#########################

