Frequency: 1200 MHz
-------------------------
Socket   Power (w)
0        30.645
1        30.520
-------------------------
Mean: 30.583 w
#########################

Frequency: 1300 MHz
-------------------------
Socket   Power (w)
0        32.315
1        32.232
-------------------------
Mean: 32.273 w
#########################

Frequency: 1400 MHz
-------------------------
Socket   Power (w)
0        34.119
1        34.032
-------------------------
Mean: 34.076 w
#########################

Frequency: 1500 MHz
-------------------------
Socket   Power (w)
0        36.304
1        35.986
-------------------------
Mean: 36.145 w
#########################

Frequency: 1600 MHz
-------------------------
Socket   Power (w)
0        38.337
1        38.253
-------------------------
Mean: 38.295 w
#########################

Frequency: 1700 MHz
-------------------------
Socket   Power (w)
0        40.439
1        40.361
-------------------------
Mean: 40.400 w
#########################

Frequency: 1800 MHz
-------------------------
Socket   Power (w)
0        42.648
1        42.535
-------------------------
Mean: 42.592 w
#########################

Frequency: 1900 MHz
-------------------------
Socket   Power (w)
0        45.364
1        44.858
-------------------------
Mean: 45.111 w
#########################

Frequency: 2000 MHz
-------------------------
Socket   Power (w)
0        47.817
1        47.612
-------------------------
Mean: 47.715 w
#########################

Frequency: 2100 MHz
-------------------------
Socket   Power (w)
0        50.303
1        50.205
-------------------------
Mean: 50.254 w
#########################

Frequency: 2200 MHz
-------------------------
Socket   Power (w)
0        53.398
1        53.299
-------------------------
Mean: 53.348 w
#########################

Frequency: 2300 MHz
-------------------------
Socket   Power (w)
0        56.212
1        56.130
-------------------------
Mean: 56.171 w
#########################

Frequency: 2400 MHz
-------------------------
Socket   Power (w)
0        59.571
1        59.161
-------------------------
Mean: 59.366 w
#########################

Frequency: 2500 MHz
-------------------------
Socket   Power (w)
0        62.609
1        62.728
-------------------------
Mean: 62.669 w
#########################

Frequency: 2600 MHz
-------------------------
Socket   Power (w)
0        66.237
1        66.007
-------------------------
Mean: 66.122 w
#########################

Frequency: 3000 MHz
-------------------------
Socket   Power (w)
0        78.515
1        78.364
-------------------------
Mean: 78.440 w
#########################

