Frequency: 1200 MHz
-------------------------
Socket   Power (w)
0        39.385
1        39.107
-------------------------
Mean: 39.246 w
#########################

Frequency: 1300 MHz
-------------------------
Socket   Power (w)
0        41.761
1        41.616
-------------------------
Mean: 41.689 w
#########################

Frequency: 1400 MHz
-------------------------
Socket   Power (w)
0        44.196
1        43.895
-------------------------
Mean: 44.046 w
#########################

Frequency: 1500 MHz
-------------------------
Socket   Power (w)
0        46.589
1        46.352
-------------------------
Mean: 46.471 w
#########################

Frequency: 1600 MHz
-------------------------
Socket   Power (w)
0        49.047
1        48.766
-------------------------
Mean: 48.906 w
#########################

Frequency: 1700 MHz
-------------------------
Socket   Power (w)
0        51.933
1        51.413
-------------------------
Mean: 51.673 w
#########################

Frequency: 1800 MHz
-------------------------
Socket   Power (w)
0        54.458
1        54.189
-------------------------
Mean: 54.323 w
#########################

Frequency: 1900 MHz
-------------------------
Socket   Power (w)
0        57.107
1        56.627
-------------------------
Mean: 56.867 w
#########################

Frequency: 2000 MHz
-------------------------
Socket   Power (w)
0        59.917
1        59.527
-------------------------
Mean: 59.722 w
#########################

Frequency: 2100 MHz
-------------------------
Socket   Power (w)
0        63.163
1        62.839
-------------------------
Mean: 63.001 w
#########################

Frequency: 2200 MHz
-------------------------
Socket   Power (w)
0        66.166
1        65.789
-------------------------
Mean: 65.977 w
#########################

Frequency: 2300 MHz
-------------------------
Socket   Power (w)
0        69.194
1        68.822
-------------------------
Mean: 69.008 w
#########################

Frequency: 2400 MHz
-------------------------
Socket   Power (w)
0        72.688
1        72.479
-------------------------
Mean: 72.584 w
#########################

Frequency: 2500 MHz
-------------------------
Socket   Power (w)
0        76.055
1        75.719
-------------------------
Mean: 75.887 w
#########################

Frequency: 2600 MHz
-------------------------
Socket   Power (w)
0        80.117
1        79.678
-------------------------
Mean: 79.898 w
#########################

Frequency: 3000 MHz
-------------------------
Socket   Power (w)
0        92.513
1        92.169
-------------------------
Mean: 92.341 w
#########################

